[DEBUG] 2021-04-11 21:01:44.037 [main] IntegratorServiceImpl - Adding Integrator [org.hibernate.cfg.beanvalidation.BeanValidationIntegrator].
[DEBUG] 2021-04-11 21:01:44.043 [main] IntegratorServiceImpl - Adding Integrator [org.hibernate.secure.spi.JaccIntegrator].
[DEBUG] 2021-04-11 21:01:44.045 [main] IntegratorServiceImpl - Adding Integrator [org.hibernate.cache.internal.CollectionCacheInvalidator].
[INFO ] 2021-04-11 21:01:44.110 [main] Version - HHH000412: Hibernate Core {5.4.4.Final}
[DEBUG] 2021-04-11 21:01:44.112 [main] Environment - HHH000206: hibernate.properties not found
[DEBUG] 2021-04-11 21:01:44.333 [main] LocalXmlResourceResolver - Interpreting public/system identifier : [-//Hibernate/Hibernate Configuration DTD//EN] - [http://www.hibernate.org/dtd/hibernate-configuration-3.0.dtd]
[DEBUG] 2021-04-11 21:01:44.338 [main] LocalXmlResourceResolver - Recognized hibernate-configuration identifier; attempting to resolve on classpath under org/hibernate/
[DEBUG] 2021-04-11 21:01:44.342 [main] JaxbCfgProcessor - cfg.xml document did not define namespaces; wrapping in custom event reader to introduce namespace information
[DEBUG] 2021-04-11 21:01:44.678 [main] ServiceBinding - Overriding existing service binding [org.hibernate.secure.spi.JaccService]
[DEBUG] 2021-04-11 21:01:44.737 [main] RegionFactoryInitiator - Cannot default RegionFactory based on registered strategies as `[]` RegionFactory strategies were registered
[DEBUG] 2021-04-11 21:01:44.738 [main] RegionFactoryInitiator - Cache region factory : org.hibernate.cache.internal.NoCachingRegionFactory
[INFO ] 2021-04-11 21:01:44.772 [main] Version - HCANN000001: Hibernate Commons Annotations {5.1.0.Final}
[DEBUG] 2021-04-11 21:01:44.875 [main] BasicTypeRegistry - Adding type registration boolean -> org.hibernate.type.BooleanType@5fac521d
[DEBUG] 2021-04-11 21:01:44.878 [main] BasicTypeRegistry - Adding type registration boolean -> org.hibernate.type.BooleanType@5fac521d
[DEBUG] 2021-04-11 21:01:44.878 [main] BasicTypeRegistry - Adding type registration java.lang.Boolean -> org.hibernate.type.BooleanType@5fac521d
[DEBUG] 2021-04-11 21:01:44.878 [main] BasicTypeRegistry - Adding type registration numeric_boolean -> org.hibernate.type.NumericBooleanType@3abfe845
[DEBUG] 2021-04-11 21:01:44.878 [main] BasicTypeRegistry - Adding type registration true_false -> org.hibernate.type.TrueFalseType@7f08caf
[DEBUG] 2021-04-11 21:01:44.882 [main] BasicTypeRegistry - Adding type registration yes_no -> org.hibernate.type.YesNoType@27a2a089
[DEBUG] 2021-04-11 21:01:44.883 [main] BasicTypeRegistry - Adding type registration byte -> org.hibernate.type.ByteType@2aa6311a
[DEBUG] 2021-04-11 21:01:44.883 [main] BasicTypeRegistry - Adding type registration byte -> org.hibernate.type.ByteType@2aa6311a
[DEBUG] 2021-04-11 21:01:44.887 [main] BasicTypeRegistry - Adding type registration java.lang.Byte -> org.hibernate.type.ByteType@2aa6311a
[DEBUG] 2021-04-11 21:01:44.888 [main] BasicTypeRegistry - Adding type registration character -> org.hibernate.type.CharacterType@2d0ecb24
[DEBUG] 2021-04-11 21:01:44.888 [main] BasicTypeRegistry - Adding type registration char -> org.hibernate.type.CharacterType@2d0ecb24
[DEBUG] 2021-04-11 21:01:44.888 [main] BasicTypeRegistry - Adding type registration java.lang.Character -> org.hibernate.type.CharacterType@2d0ecb24
[DEBUG] 2021-04-11 21:01:44.891 [main] BasicTypeRegistry - Adding type registration short -> org.hibernate.type.ShortType@7e00ed0f
[DEBUG] 2021-04-11 21:01:44.894 [main] BasicTypeRegistry - Adding type registration short -> org.hibernate.type.ShortType@7e00ed0f
[DEBUG] 2021-04-11 21:01:44.894 [main] BasicTypeRegistry - Adding type registration java.lang.Short -> org.hibernate.type.ShortType@7e00ed0f
[DEBUG] 2021-04-11 21:01:44.895 [main] BasicTypeRegistry - Adding type registration integer -> org.hibernate.type.IntegerType@65753040
[DEBUG] 2021-04-11 21:01:44.898 [main] BasicTypeRegistry - Adding type registration int -> org.hibernate.type.IntegerType@65753040
[DEBUG] 2021-04-11 21:01:44.901 [main] BasicTypeRegistry - Adding type registration java.lang.Integer -> org.hibernate.type.IntegerType@65753040
[DEBUG] 2021-04-11 21:01:44.903 [main] BasicTypeRegistry - Adding type registration long -> org.hibernate.type.LongType@4e1459ea
[DEBUG] 2021-04-11 21:01:44.903 [main] BasicTypeRegistry - Adding type registration long -> org.hibernate.type.LongType@4e1459ea
[DEBUG] 2021-04-11 21:01:44.906 [main] BasicTypeRegistry - Adding type registration java.lang.Long -> org.hibernate.type.LongType@4e1459ea
[DEBUG] 2021-04-11 21:01:44.908 [main] BasicTypeRegistry - Adding type registration float -> org.hibernate.type.FloatType@57c47a9e
[DEBUG] 2021-04-11 21:01:44.908 [main] BasicTypeRegistry - Adding type registration float -> org.hibernate.type.FloatType@57c47a9e
[DEBUG] 2021-04-11 21:01:44.908 [main] BasicTypeRegistry - Adding type registration java.lang.Float -> org.hibernate.type.FloatType@57c47a9e
[DEBUG] 2021-04-11 21:01:44.908 [main] BasicTypeRegistry - Adding type registration double -> org.hibernate.type.DoubleType@52d6cd34
[DEBUG] 2021-04-11 21:01:44.912 [main] BasicTypeRegistry - Adding type registration double -> org.hibernate.type.DoubleType@52d6cd34
[DEBUG] 2021-04-11 21:01:44.913 [main] BasicTypeRegistry - Adding type registration java.lang.Double -> org.hibernate.type.DoubleType@52d6cd34
[DEBUG] 2021-04-11 21:01:44.914 [main] BasicTypeRegistry - Adding type registration big_decimal -> org.hibernate.type.BigDecimalType@c2e3264
[DEBUG] 2021-04-11 21:01:44.914 [main] BasicTypeRegistry - Adding type registration java.math.BigDecimal -> org.hibernate.type.BigDecimalType@c2e3264
[DEBUG] 2021-04-11 21:01:44.919 [main] BasicTypeRegistry - Adding type registration big_integer -> org.hibernate.type.BigIntegerType@4a14c44f
[DEBUG] 2021-04-11 21:01:44.919 [main] BasicTypeRegistry - Adding type registration java.math.BigInteger -> org.hibernate.type.BigIntegerType@4a14c44f
[DEBUG] 2021-04-11 21:01:44.919 [main] BasicTypeRegistry - Adding type registration string -> org.hibernate.type.StringType@5c1f6d57
[DEBUG] 2021-04-11 21:01:44.920 [main] BasicTypeRegistry - Adding type registration java.lang.String -> org.hibernate.type.StringType@5c1f6d57
[DEBUG] 2021-04-11 21:01:44.920 [main] BasicTypeRegistry - Adding type registration nstring -> org.hibernate.type.StringNVarcharType@5cb5bb88
[DEBUG] 2021-04-11 21:01:44.922 [main] BasicTypeRegistry - Adding type registration ncharacter -> org.hibernate.type.CharacterNCharType@671facee
[DEBUG] 2021-04-11 21:01:44.922 [main] BasicTypeRegistry - Adding type registration url -> org.hibernate.type.UrlType@56f521c6
[DEBUG] 2021-04-11 21:01:44.922 [main] BasicTypeRegistry - Adding type registration java.net.URL -> org.hibernate.type.UrlType@56f521c6
[DEBUG] 2021-04-11 21:01:44.927 [main] BasicTypeRegistry - Adding type registration Duration -> org.hibernate.type.DurationType@39fa8ad2
[DEBUG] 2021-04-11 21:01:44.927 [main] BasicTypeRegistry - Adding type registration java.time.Duration -> org.hibernate.type.DurationType@39fa8ad2
[DEBUG] 2021-04-11 21:01:44.938 [main] BasicTypeRegistry - Adding type registration Instant -> org.hibernate.type.InstantType@639aba11
[DEBUG] 2021-04-11 21:01:44.938 [main] BasicTypeRegistry - Adding type registration java.time.Instant -> org.hibernate.type.InstantType@639aba11
[DEBUG] 2021-04-11 21:01:44.939 [main] BasicTypeRegistry - Adding type registration LocalDateTime -> org.hibernate.type.LocalDateTimeType@34f392be
[DEBUG] 2021-04-11 21:01:44.939 [main] BasicTypeRegistry - Adding type registration java.time.LocalDateTime -> org.hibernate.type.LocalDateTimeType@34f392be
[DEBUG] 2021-04-11 21:01:44.940 [main] BasicTypeRegistry - Adding type registration LocalDate -> org.hibernate.type.LocalDateType@523d6bdb
[DEBUG] 2021-04-11 21:01:44.943 [main] BasicTypeRegistry - Adding type registration java.time.LocalDate -> org.hibernate.type.LocalDateType@523d6bdb
[DEBUG] 2021-04-11 21:01:44.943 [main] BasicTypeRegistry - Adding type registration LocalTime -> org.hibernate.type.LocalTimeType@2cfa2c4f
[DEBUG] 2021-04-11 21:01:44.943 [main] BasicTypeRegistry - Adding type registration java.time.LocalTime -> org.hibernate.type.LocalTimeType@2cfa2c4f
[DEBUG] 2021-04-11 21:01:44.944 [main] BasicTypeRegistry - Adding type registration OffsetDateTime -> org.hibernate.type.OffsetDateTimeType@5e2a3040
[DEBUG] 2021-04-11 21:01:44.944 [main] BasicTypeRegistry - Adding type registration java.time.OffsetDateTime -> org.hibernate.type.OffsetDateTimeType@5e2a3040
[DEBUG] 2021-04-11 21:01:44.947 [main] BasicTypeRegistry - Adding type registration OffsetTime -> org.hibernate.type.OffsetTimeType@5bb51241
[DEBUG] 2021-04-11 21:01:44.949 [main] BasicTypeRegistry - Adding type registration java.time.OffsetTime -> org.hibernate.type.OffsetTimeType@5bb51241
[DEBUG] 2021-04-11 21:01:44.949 [main] BasicTypeRegistry - Adding type registration ZonedDateTime -> org.hibernate.type.ZonedDateTimeType@6c42f2a1
[DEBUG] 2021-04-11 21:01:44.949 [main] BasicTypeRegistry - Adding type registration java.time.ZonedDateTime -> org.hibernate.type.ZonedDateTimeType@6c42f2a1
[DEBUG] 2021-04-11 21:01:44.950 [main] BasicTypeRegistry - Adding type registration date -> org.hibernate.type.DateType@2caa5d7c
[DEBUG] 2021-04-11 21:01:44.950 [main] BasicTypeRegistry - Adding type registration java.sql.Date -> org.hibernate.type.DateType@2caa5d7c
[DEBUG] 2021-04-11 21:01:44.954 [main] BasicTypeRegistry - Adding type registration time -> org.hibernate.type.TimeType@3e1a3801
[DEBUG] 2021-04-11 21:01:44.954 [main] BasicTypeRegistry - Adding type registration java.sql.Time -> org.hibernate.type.TimeType@3e1a3801
[DEBUG] 2021-04-11 21:01:44.955 [main] BasicTypeRegistry - Adding type registration timestamp -> org.hibernate.type.TimestampType@149debbb
[DEBUG] 2021-04-11 21:01:44.955 [main] BasicTypeRegistry - Adding type registration java.sql.Timestamp -> org.hibernate.type.TimestampType@149debbb
[DEBUG] 2021-04-11 21:01:44.957 [main] BasicTypeRegistry - Adding type registration java.util.Date -> org.hibernate.type.TimestampType@149debbb
[DEBUG] 2021-04-11 21:01:44.959 [main] BasicTypeRegistry - Adding type registration dbtimestamp -> org.hibernate.type.DbTimestampType@41522537
[DEBUG] 2021-04-11 21:01:44.960 [main] BasicTypeRegistry - Adding type registration calendar -> org.hibernate.type.CalendarType@2184b4f4
[DEBUG] 2021-04-11 21:01:44.960 [main] BasicTypeRegistry - Adding type registration java.util.Calendar -> org.hibernate.type.CalendarType@2184b4f4
[DEBUG] 2021-04-11 21:01:44.960 [main] BasicTypeRegistry - Adding type registration java.util.GregorianCalendar -> org.hibernate.type.CalendarType@2184b4f4
[DEBUG] 2021-04-11 21:01:44.960 [main] BasicTypeRegistry - Adding type registration calendar_date -> org.hibernate.type.CalendarDateType@216914
[DEBUG] 2021-04-11 21:01:44.961 [main] BasicTypeRegistry - Adding type registration locale -> org.hibernate.type.LocaleType@61af1510
[DEBUG] 2021-04-11 21:01:44.961 [main] BasicTypeRegistry - Adding type registration java.util.Locale -> org.hibernate.type.LocaleType@61af1510
[DEBUG] 2021-04-11 21:01:44.961 [main] BasicTypeRegistry - Adding type registration currency -> org.hibernate.type.CurrencyType@3901f6af
[DEBUG] 2021-04-11 21:01:44.961 [main] BasicTypeRegistry - Adding type registration java.util.Currency -> org.hibernate.type.CurrencyType@3901f6af
[DEBUG] 2021-04-11 21:01:44.969 [main] BasicTypeRegistry - Adding type registration timezone -> org.hibernate.type.TimeZoneType@13da7ab0
[DEBUG] 2021-04-11 21:01:44.971 [main] BasicTypeRegistry - Adding type registration java.util.TimeZone -> org.hibernate.type.TimeZoneType@13da7ab0
[DEBUG] 2021-04-11 21:01:44.973 [main] BasicTypeRegistry - Adding type registration class -> org.hibernate.type.ClassType@238bfd6c
[DEBUG] 2021-04-11 21:01:44.973 [main] BasicTypeRegistry - Adding type registration java.lang.Class -> org.hibernate.type.ClassType@238bfd6c
[DEBUG] 2021-04-11 21:01:44.973 [main] BasicTypeRegistry - Adding type registration uuid-binary -> org.hibernate.type.UUIDBinaryType@4b3fe06e
[DEBUG] 2021-04-11 21:01:44.973 [main] BasicTypeRegistry - Adding type registration java.util.UUID -> org.hibernate.type.UUIDBinaryType@4b3fe06e
[DEBUG] 2021-04-11 21:01:44.974 [main] BasicTypeRegistry - Adding type registration uuid-char -> org.hibernate.type.UUIDCharType@4d8286c4
[DEBUG] 2021-04-11 21:01:44.974 [main] BasicTypeRegistry - Adding type registration binary -> org.hibernate.type.BinaryType@5853495b
[DEBUG] 2021-04-11 21:01:44.974 [main] BasicTypeRegistry - Adding type registration byte[] -> org.hibernate.type.BinaryType@5853495b
[DEBUG] 2021-04-11 21:01:44.974 [main] BasicTypeRegistry - Adding type registration [B -> org.hibernate.type.BinaryType@5853495b
[DEBUG] 2021-04-11 21:01:44.982 [main] BasicTypeRegistry - Adding type registration wrapper-binary -> org.hibernate.type.WrapperBinaryType@21f459fc
[DEBUG] 2021-04-11 21:01:44.982 [main] BasicTypeRegistry - Adding type registration Byte[] -> org.hibernate.type.WrapperBinaryType@21f459fc
[DEBUG] 2021-04-11 21:01:44.982 [main] BasicTypeRegistry - Adding type registration [Ljava.lang.Byte; -> org.hibernate.type.WrapperBinaryType@21f459fc
[DEBUG] 2021-04-11 21:01:44.986 [main] BasicTypeRegistry - Adding type registration row_version -> org.hibernate.type.RowVersionType@1290c49
[DEBUG] 2021-04-11 21:01:44.987 [main] BasicTypeRegistry - Adding type registration image -> org.hibernate.type.ImageType@43d38654
[DEBUG] 2021-04-11 21:01:44.987 [main] BasicTypeRegistry - Adding type registration characters -> org.hibernate.type.CharArrayType@4fc142ec
[DEBUG] 2021-04-11 21:01:44.989 [main] BasicTypeRegistry - Adding type registration char[] -> org.hibernate.type.CharArrayType@4fc142ec
[DEBUG] 2021-04-11 21:01:44.990 [main] BasicTypeRegistry - Adding type registration [C -> org.hibernate.type.CharArrayType@4fc142ec
[DEBUG] 2021-04-11 21:01:44.991 [main] BasicTypeRegistry - Adding type registration wrapper-characters -> org.hibernate.type.CharacterArrayType@1dd7796b
[DEBUG] 2021-04-11 21:01:44.991 [main] BasicTypeRegistry - Adding type registration [Ljava.lang.Character; -> org.hibernate.type.CharacterArrayType@1dd7796b
[DEBUG] 2021-04-11 21:01:44.993 [main] BasicTypeRegistry - Adding type registration Character[] -> org.hibernate.type.CharacterArrayType@1dd7796b
[DEBUG] 2021-04-11 21:01:44.993 [main] BasicTypeRegistry - Adding type registration text -> org.hibernate.type.TextType@702b06fb
[DEBUG] 2021-04-11 21:01:44.994 [main] BasicTypeRegistry - Adding type registration ntext -> org.hibernate.type.NTextType@2b22a1cc
[DEBUG] 2021-04-11 21:01:44.994 [main] BasicTypeRegistry - Adding type registration blob -> org.hibernate.type.BlobType@12d1f1d4
[DEBUG] 2021-04-11 21:01:44.994 [main] BasicTypeRegistry - Adding type registration java.sql.Blob -> org.hibernate.type.BlobType@12d1f1d4
[DEBUG] 2021-04-11 21:01:44.998 [main] BasicTypeRegistry - Adding type registration materialized_blob -> org.hibernate.type.MaterializedBlobType@19650aa6
[DEBUG] 2021-04-11 21:01:44.999 [main] BasicTypeRegistry - Adding type registration clob -> org.hibernate.type.ClobType@7fd8c559
[DEBUG] 2021-04-11 21:01:45.001 [main] BasicTypeRegistry - Adding type registration java.sql.Clob -> org.hibernate.type.ClobType@7fd8c559
[DEBUG] 2021-04-11 21:01:45.003 [main] BasicTypeRegistry - Adding type registration nclob -> org.hibernate.type.NClobType@481e91b6
[DEBUG] 2021-04-11 21:01:45.006 [main] BasicTypeRegistry - Adding type registration java.sql.NClob -> org.hibernate.type.NClobType@481e91b6
[DEBUG] 2021-04-11 21:01:45.007 [main] BasicTypeRegistry - Adding type registration materialized_clob -> org.hibernate.type.MaterializedClobType@10bea4
[DEBUG] 2021-04-11 21:01:45.007 [main] BasicTypeRegistry - Adding type registration materialized_nclob -> org.hibernate.type.MaterializedNClobType@3dd818e8
[DEBUG] 2021-04-11 21:01:45.007 [main] BasicTypeRegistry - Adding type registration serializable -> org.hibernate.type.SerializableType@7ca8d498
[DEBUG] 2021-04-11 21:01:45.013 [main] BasicTypeRegistry - Adding type registration object -> org.hibernate.type.ObjectType@282ffbf5
[DEBUG] 2021-04-11 21:01:45.016 [main] BasicTypeRegistry - Adding type registration java.lang.Object -> org.hibernate.type.ObjectType@282ffbf5
[DEBUG] 2021-04-11 21:01:45.020 [main] BasicTypeRegistry - Adding type registration imm_date -> org.hibernate.type.AdaptedImmutableType@12c60152
[DEBUG] 2021-04-11 21:01:45.022 [main] BasicTypeRegistry - Adding type registration imm_time -> org.hibernate.type.AdaptedImmutableType@2e807c54
[DEBUG] 2021-04-11 21:01:45.022 [main] BasicTypeRegistry - Adding type registration imm_timestamp -> org.hibernate.type.AdaptedImmutableType@6cd164a6
[DEBUG] 2021-04-11 21:01:45.022 [main] BasicTypeRegistry - Adding type registration imm_dbtimestamp -> org.hibernate.type.AdaptedImmutableType@242a209e
[DEBUG] 2021-04-11 21:01:45.022 [main] BasicTypeRegistry - Adding type registration imm_calendar -> org.hibernate.type.AdaptedImmutableType@64469d8
[DEBUG] 2021-04-11 21:01:45.022 [main] BasicTypeRegistry - Adding type registration imm_calendar_date -> org.hibernate.type.AdaptedImmutableType@2b8bd798
[DEBUG] 2021-04-11 21:01:45.023 [main] BasicTypeRegistry - Adding type registration imm_binary -> org.hibernate.type.AdaptedImmutableType@4c18621b
[DEBUG] 2021-04-11 21:01:45.023 [main] BasicTypeRegistry - Adding type registration imm_serializable -> org.hibernate.type.AdaptedImmutableType@39c385d6
[DEBUG] 2021-04-11 21:01:45.075 [main] DefaultIdentifierGeneratorFactory - Registering IdentifierGenerator strategy [uuid2] -> [org.hibernate.id.UUIDGenerator]
[DEBUG] 2021-04-11 21:01:45.077 [main] DefaultIdentifierGeneratorFactory - Registering IdentifierGenerator strategy [guid] -> [org.hibernate.id.GUIDGenerator]
[DEBUG] 2021-04-11 21:01:45.079 [main] DefaultIdentifierGeneratorFactory - Registering IdentifierGenerator strategy [uuid] -> [org.hibernate.id.UUIDHexGenerator]
[DEBUG] 2021-04-11 21:01:45.079 [main] DefaultIdentifierGeneratorFactory - Registering IdentifierGenerator strategy [uuid.hex] -> [org.hibernate.id.UUIDHexGenerator]
[DEBUG] 2021-04-11 21:01:45.080 [main] DefaultIdentifierGeneratorFactory - Registering IdentifierGenerator strategy [assigned] -> [org.hibernate.id.Assigned]
[DEBUG] 2021-04-11 21:01:45.081 [main] DefaultIdentifierGeneratorFactory - Registering IdentifierGenerator strategy [identity] -> [org.hibernate.id.IdentityGenerator]
[DEBUG] 2021-04-11 21:01:45.086 [main] DefaultIdentifierGeneratorFactory - Registering IdentifierGenerator strategy [select] -> [org.hibernate.id.SelectGenerator]
[DEBUG] 2021-04-11 21:01:45.088 [main] DefaultIdentifierGeneratorFactory - Registering IdentifierGenerator strategy [sequence] -> [org.hibernate.id.enhanced.SequenceStyleGenerator]
[DEBUG] 2021-04-11 21:01:45.093 [main] DefaultIdentifierGeneratorFactory - Registering IdentifierGenerator strategy [seqhilo] -> [org.hibernate.id.SequenceHiLoGenerator]
[DEBUG] 2021-04-11 21:01:45.094 [main] DefaultIdentifierGeneratorFactory - Registering IdentifierGenerator strategy [increment] -> [org.hibernate.id.IncrementGenerator]
[DEBUG] 2021-04-11 21:01:45.094 [main] DefaultIdentifierGeneratorFactory - Registering IdentifierGenerator strategy [foreign] -> [org.hibernate.id.ForeignGenerator]
[DEBUG] 2021-04-11 21:01:45.095 [main] DefaultIdentifierGeneratorFactory - Registering IdentifierGenerator strategy [sequence-identity] -> [org.hibernate.id.SequenceIdentityGenerator]
[DEBUG] 2021-04-11 21:01:45.095 [main] DefaultIdentifierGeneratorFactory - Registering IdentifierGenerator strategy [enhanced-sequence] -> [org.hibernate.id.enhanced.SequenceStyleGenerator]
[DEBUG] 2021-04-11 21:01:45.096 [main] DefaultIdentifierGeneratorFactory - Registering IdentifierGenerator strategy [enhanced-table] -> [org.hibernate.id.enhanced.TableGenerator]
[INFO ] 2021-04-11 21:01:45.106 [main] C3P0ConnectionProvider - HHH010002: C3P0 using driver: com.mysql.cj.jdbc.Driver at URL: jdbc:mysql://localhost:3306/character_db
[INFO ] 2021-04-11 21:01:45.107 [main] C3P0ConnectionProvider - HHH10001001: Connection properties: {password=****, user=root}
[INFO ] 2021-04-11 21:01:45.107 [main] C3P0ConnectionProvider - HHH10001003: Autocommit mode: false
[INFO ] 2021-04-11 21:01:45.330 [main] C3P0ConnectionProvider - HHH10001007: JDBC isolation level: <unknown>
[DEBUG] 2021-04-11 21:01:45.508 [main] JdbcEnvironmentInitiator - Database ->
       name : MySQL
    version : 8.0.22
      major : 8
      minor : 0
[DEBUG] 2021-04-11 21:01:45.515 [main] JdbcEnvironmentInitiator - Driver ->
       name : MySQL Connector/J
    version : mysql-connector-java-8.0.16 (Revision: 34cbc6bc61f72836e26327537a432d6db7c77de6)
      major : 8
      minor : 0
[DEBUG] 2021-04-11 21:01:45.515 [main] JdbcEnvironmentInitiator - JDBC version : 4.2
[INFO ] 2021-04-11 21:01:45.546 [main] Dialect - HHH000400: Using dialect: org.hibernate.dialect.MySQL8Dialect
[DEBUG] 2021-04-11 21:01:45.607 [main] IdentifierHelperBuilder - JDBC driver metadata reported database stores quoted identifiers in more than one case
[DEBUG] 2021-04-11 21:01:45.651 [main] IdentifierHelperBuilder - IdentifierCaseStrategy for both quoted and unquoted identifiers was set to the same strategy [MIXED]; that will likely lead to problems in schema update and validation if using quoted identifiers
[DEBUG] 2021-04-11 21:01:45.746 [main] Namespace - Created database namespace [logicalName=Name{catalog=null, schema=null}, physicalName=Name{catalog=null, schema=null}]
[DEBUG] 2021-04-11 21:01:45.753 [main] TypeConfiguration$Scope - Scoping TypeConfiguration [org.hibernate.type.spi.TypeConfiguration@1a0c5e9] to MetadataBuildingContext [org.hibernate.boot.internal.MetadataBuildingContextRootImpl@123d7057]
[DEBUG] 2021-04-11 21:01:45.887 [main] AnnotationBinder - Binding entity from annotated class: team.entity.Character
[DEBUG] 2021-04-11 21:01:45.950 [main] Ejb3Column - Binding column: Ejb3DiscriminatorColumn{logicalColumnName'DTYPE', discriminatorTypeName='string'}
[DEBUG] 2021-04-11 21:01:45.965 [main] EntityBinder - Import with entity name Character
[DEBUG] 2021-04-11 21:01:45.971 [main] EntityBinder - Bind entity team.entity.Character on table characters
[DEBUG] 2021-04-11 21:01:46.018 [main] Ejb3Column - Binding column: Ejb3Column{table=org.hibernate.mapping.Table(characters), mappingColumn=id, insertable=true, updatable=true, unique=false}
[DEBUG] 2021-04-11 21:01:46.033 [main] PropertyBinder - MetadataSourceProcessor property id with lazy=false
[DEBUG] 2021-04-11 21:01:46.034 [main] AbstractPropertyHolder - Attempting to locate auto-apply AttributeConverter for property [team.entity.Character:id]
[DEBUG] 2021-04-11 21:01:46.047 [main] SimpleValueBinder - building SimpleValue for id
[DEBUG] 2021-04-11 21:01:46.058 [main] PropertyBinder - Building property id
[DEBUG] 2021-04-11 21:01:46.064 [main] BinderHelper - #makeIdGenerator(org.hibernate.mapping.SimpleValue([org.hibernate.mapping.Column(id)]), id, org.hibernate.id.enhanced.SequenceStyleGenerator, native, ...)
[DEBUG] 2021-04-11 21:01:46.073 [main] Ejb3Column - Binding column: Ejb3Column{table=org.hibernate.mapping.Table(characters), mappingColumn=alignment, insertable=true, updatable=true, unique=false}
[DEBUG] 2021-04-11 21:01:46.081 [main] PropertyBinder - MetadataSourceProcessor property alignment with lazy=false
[DEBUG] 2021-04-11 21:01:46.081 [main] AbstractPropertyHolder - Attempting to locate auto-apply AttributeConverter for property [team.entity.Character:alignment]
[DEBUG] 2021-04-11 21:01:46.081 [main] SimpleValueBinder - building SimpleValue for alignment
[DEBUG] 2021-04-11 21:01:46.081 [main] PropertyBinder - Building property alignment
[DEBUG] 2021-04-11 21:01:46.084 [main] Ejb3Column - Binding column: Ejb3Column{table=org.hibernate.mapping.Table(characters), mappingColumn=franchise, insertable=true, updatable=true, unique=false}
[DEBUG] 2021-04-11 21:01:46.084 [main] PropertyBinder - MetadataSourceProcessor property franchise with lazy=false
[DEBUG] 2021-04-11 21:01:46.084 [main] AbstractPropertyHolder - Attempting to locate auto-apply AttributeConverter for property [team.entity.Character:franchise]
[DEBUG] 2021-04-11 21:01:46.089 [main] SimpleValueBinder - building SimpleValue for franchise
[DEBUG] 2021-04-11 21:01:46.089 [main] PropertyBinder - Building property franchise
[DEBUG] 2021-04-11 21:01:46.089 [main] Ejb3Column - Binding column: Ejb3Column{table=org.hibernate.mapping.Table(characters), mappingColumn=media, insertable=true, updatable=true, unique=false}
[DEBUG] 2021-04-11 21:01:46.091 [main] PropertyBinder - MetadataSourceProcessor property media with lazy=false
[DEBUG] 2021-04-11 21:01:46.091 [main] AbstractPropertyHolder - Attempting to locate auto-apply AttributeConverter for property [team.entity.Character:media]
[DEBUG] 2021-04-11 21:01:46.092 [main] SimpleValueBinder - building SimpleValue for media
[DEBUG] 2021-04-11 21:01:46.092 [main] PropertyBinder - Building property media
[DEBUG] 2021-04-11 21:01:46.092 [main] Ejb3Column - Binding column: Ejb3Column{table=org.hibernate.mapping.Table(characters), mappingColumn=name, insertable=true, updatable=true, unique=false}
[DEBUG] 2021-04-11 21:01:46.092 [main] PropertyBinder - MetadataSourceProcessor property name with lazy=false
[DEBUG] 2021-04-11 21:01:46.092 [main] AbstractPropertyHolder - Attempting to locate auto-apply AttributeConverter for property [team.entity.Character:name]
[DEBUG] 2021-04-11 21:01:46.092 [main] SimpleValueBinder - building SimpleValue for name
[DEBUG] 2021-04-11 21:01:46.092 [main] PropertyBinder - Building property name
[DEBUG] 2021-04-11 21:01:46.092 [main] Ejb3Column - Binding column: Ejb3Column{table=org.hibernate.mapping.Table(characters), mappingColumn=species, insertable=true, updatable=true, unique=false}
[DEBUG] 2021-04-11 21:01:46.092 [main] PropertyBinder - MetadataSourceProcessor property species with lazy=false
[DEBUG] 2021-04-11 21:01:46.092 [main] AbstractPropertyHolder - Attempting to locate auto-apply AttributeConverter for property [team.entity.Character:species]
[DEBUG] 2021-04-11 21:01:46.092 [main] SimpleValueBinder - building SimpleValue for species
[DEBUG] 2021-04-11 21:01:46.092 [main] PropertyBinder - Building property species
[DEBUG] 2021-04-11 21:01:46.101 [main] SimpleValueBinder - Starting fillSimpleValue for id
[DEBUG] 2021-04-11 21:01:46.102 [main] SimpleValueBinder - Starting fillSimpleValue for alignment
[DEBUG] 2021-04-11 21:01:46.102 [main] SimpleValueBinder - Starting fillSimpleValue for franchise
[DEBUG] 2021-04-11 21:01:46.102 [main] SimpleValueBinder - Starting fillSimpleValue for media
[DEBUG] 2021-04-11 21:01:46.102 [main] SimpleValueBinder - Starting fillSimpleValue for name
[DEBUG] 2021-04-11 21:01:46.102 [main] SimpleValueBinder - Starting fillSimpleValue for species
[DEBUG] 2021-04-11 21:01:46.110 [main] PrimaryKey - Forcing column [id] to be non-null as it is part of the primary key for table [characters]
[DEBUG] 2021-04-11 21:01:46.195 [main] SessionFactoryImpl - Building session factory
[DEBUG] 2021-04-11 21:01:46.198 [main] Settings - SessionFactory name : null
[DEBUG] 2021-04-11 21:01:46.198 [main] Settings - Automatic flush during beforeCompletion(): enabled
[DEBUG] 2021-04-11 21:01:46.198 [main] Settings - Automatic session close at end of transaction: disabled
[DEBUG] 2021-04-11 21:01:46.198 [main] Settings - Statistics: disabled
[DEBUG] 2021-04-11 21:01:46.198 [main] Settings - Deleted entity synthetic identifier rollback: disabled
[DEBUG] 2021-04-11 21:01:46.198 [main] Settings - Default entity-mode: pojo
[DEBUG] 2021-04-11 21:01:46.199 [main] Settings - Check Nullability in Core (should be disabled when Bean Validation is on): enabled
[DEBUG] 2021-04-11 21:01:46.199 [main] Settings - Allow initialization of lazy state outside session : disabled
[DEBUG] 2021-04-11 21:01:46.199 [main] Settings - Using BatchFetchStyle : LEGACY
[DEBUG] 2021-04-11 21:01:46.199 [main] Settings - Default batch fetch size: -1
[DEBUG] 2021-04-11 21:01:46.199 [main] Settings - Maximum outer join fetch depth: 2
[DEBUG] 2021-04-11 21:01:46.199 [main] Settings - Default null ordering: NONE
[DEBUG] 2021-04-11 21:01:46.199 [main] Settings - Order SQL updates by primary key: disabled
[DEBUG] 2021-04-11 21:01:46.199 [main] Settings - Order SQL inserts for batching: disabled
[DEBUG] 2021-04-11 21:01:46.202 [main] Settings - multi-tenancy strategy : NONE
[DEBUG] 2021-04-11 21:01:46.202 [main] Settings - JTA Track by Thread: enabled
[DEBUG] 2021-04-11 21:01:46.202 [main] Settings - Query language substitutions: {}
[DEBUG] 2021-04-11 21:01:46.202 [main] Settings - Named query checking : enabled
[DEBUG] 2021-04-11 21:01:46.202 [main] Settings - Second-level cache: disabled
[DEBUG] 2021-04-11 21:01:46.202 [main] Settings - Second-level query cache: disabled
[DEBUG] 2021-04-11 21:01:46.202 [main] Settings - Second-level query cache factory: null
[DEBUG] 2021-04-11 21:01:46.202 [main] Settings - Second-level cache region prefix: null
[DEBUG] 2021-04-11 21:01:46.202 [main] Settings - Optimize second-level cache for minimal puts: disabled
[DEBUG] 2021-04-11 21:01:46.202 [main] Settings - Structured second-level cache entries: disabled
[DEBUG] 2021-04-11 21:01:46.202 [main] Settings - Second-level cache direct-reference entries: disabled
[DEBUG] 2021-04-11 21:01:46.202 [main] Settings - Automatic eviction of collection cache: disabled
[DEBUG] 2021-04-11 21:01:46.202 [main] Settings - JDBC batch size: 15
[DEBUG] 2021-04-11 21:01:46.202 [main] Settings - JDBC batch updates for versioned data: enabled
[DEBUG] 2021-04-11 21:01:46.202 [main] Settings - Scrollable result sets: enabled
[DEBUG] 2021-04-11 21:01:46.202 [main] Settings - Wrap result sets: disabled
[DEBUG] 2021-04-11 21:01:46.202 [main] Settings - JDBC3 getGeneratedKeys(): enabled
[DEBUG] 2021-04-11 21:01:46.202 [main] Settings - JDBC result set fetch size: null
[DEBUG] 2021-04-11 21:01:46.202 [main] Settings - Connection release mode: AFTER_TRANSACTION
[DEBUG] 2021-04-11 21:01:46.202 [main] Settings - Generate SQL with comments: disabled
[DEBUG] 2021-04-11 21:01:46.203 [main] Settings - JPA compliance - query : 
[DEBUG] 2021-04-11 21:01:46.203 [main] Settings - JPA compliance - closed-handling : 
[DEBUG] 2021-04-11 21:01:46.206 [main] Settings - JPA compliance - lists : 
[DEBUG] 2021-04-11 21:01:46.206 [main] Settings - JPA compliance - transactions : 
[INFO ] 2021-04-11 21:01:46.280 [main] beans - HHH10005002: No explicit CDI BeanManager reference was passed to Hibernate, but CDI is available on the Hibernate ClassLoader.
[DEBUG] 2021-04-11 21:01:46.296 [main] SessionFactoryImpl - Session factory constructed with filter configurations : {}
[DEBUG] 2021-04-11 21:01:46.296 [main] SessionFactoryImpl - Instantiating session factory with properties: {sun.desktop=gnome, awt.toolkit=sun.awt.X11.XToolkit, java.specification.version=11, sun.cpu.isalist=, hibernate.c3p0.idle_test_period=3000, sun.jnu.encoding=UTF-8, hibernate.c3p0.min_size=5, java.class.path=/home/student/intellij/lib/idea_rt.jar:/home/student/intellij/plugins/junit/lib/junit5-rt.jar:/home/student/intellij/plugins/junit/lib/junit-rt.jar:/home/student/IdeaProjects/fictionalCharacterAPI/target/test-classes:/home/student/IdeaProjects/fictionalCharacterAPI/target/classes:/home/student/.m2/repository/org/hibernate/hibernate-core/5.4.4.Final/hibernate-core-5.4.4.Final.jar:/home/student/.m2/repository/org/jboss/logging/jboss-logging/3.3.2.Final/jboss-logging-3.3.2.Final.jar:/home/student/.m2/repository/javax/persistence/javax.persistence-api/2.2/javax.persistence-api-2.2.jar:/home/student/.m2/repository/org/javassist/javassist/3.24.0-GA/javassist-3.24.0-GA.jar:/home/student/.m2/repository/net/bytebuddy/byte-buddy/1.9.11/byte-buddy-1.9.11.jar:/home/student/.m2/repository/antlr/antlr/2.7.7/antlr-2.7.7.jar:/home/student/.m2/repository/org/jboss/spec/javax/transaction/jboss-transaction-api_1.2_spec/1.1.1.Final/jboss-transaction-api_1.2_spec-1.1.1.Final.jar:/home/student/.m2/repository/org/jboss/jandex/2.0.5.Final/jandex-2.0.5.Final.jar:/home/student/.m2/repository/com/fasterxml/classmate/1.3.4/classmate-1.3.4.jar:/home/student/.m2/repository/javax/activation/javax.activation-api/1.2.0/javax.activation-api-1.2.0.jar:/home/student/.m2/repository/org/dom4j/dom4j/2.1.1/dom4j-2.1.1.jar:/home/student/.m2/repository/org/hibernate/common/hibernate-commons-annotations/5.1.0.Final/hibernate-commons-annotations-5.1.0.Final.jar:/home/student/.m2/repository/javax/xml/bind/jaxb-api/2.3.1/jaxb-api-2.3.1.jar:/home/student/.m2/repository/org/glassfish/jaxb/jaxb-runtime/2.3.1/jaxb-runtime-2.3.1.jar:/home/student/.m2/repository/org/glassfish/jaxb/txw2/2.3.1/txw2-2.3.1.jar:/home/student/.m2/repository/com/sun/istack/istack-commons-runtime/3.0.7/istack-commons-runtime-3.0.7.jar:/home/student/.m2/repository/org/jvnet/staxex/stax-ex/1.8/stax-ex-1.8.jar:/home/student/.m2/repository/com/sun/xml/fastinfoset/FastInfoset/1.2.15/FastInfoset-1.2.15.jar:/home/student/.m2/repository/org/hibernate/hibernate-c3p0/5.4.4.Final/hibernate-c3p0-5.4.4.Final.jar:/home/student/.m2/repository/com/mchange/c3p0/0.9.5.3/c3p0-0.9.5.3.jar:/home/student/.m2/repository/com/mchange/mchange-commons-java/0.2.15/mchange-commons-java-0.2.15.jar:/home/student/.m2/repository/javax/servlet/jsp/jstl/jstl-api/1.2/jstl-api-1.2.jar:/home/student/.m2/repository/javax/servlet/servlet-api/2.5/servlet-api-2.5.jar:/home/student/.m2/repository/javax/servlet/jsp/jsp-api/2.1/jsp-api-2.1.jar:/home/student/.m2/repository/org/apache/logging/log4j/log4j-api/2.10.0/log4j-api-2.10.0.jar:/home/student/.m2/repository/org/apache/logging/log4j/log4j-core/2.10.0/log4j-core-2.10.0.jar:/home/student/.m2/repository/org/junit/platform/junit-platform-runner/1.0.0/junit-platform-runner-1.0.0.jar:/home/student/.m2/repository/org/apiguardian/apiguardian-api/1.0.0/apiguardian-api-1.0.0.jar:/home/student/.m2/repository/org/junit/platform/junit-platform-launcher/1.0.0/junit-platform-launcher-1.0.0.jar:/home/student/.m2/repository/org/junit/platform/junit-platform-suite-api/1.0.0/junit-platform-suite-api-1.0.0.jar:/home/student/.m2/repository/org/junit/platform/junit-platform-commons/1.0.0/junit-platform-commons-1.0.0.jar:/home/student/.m2/repository/org/junit/vintage/junit-vintage-engine/4.12.0/junit-vintage-engine-4.12.0.jar:/home/student/.m2/repository/org/junit/platform/junit-platform-engine/1.0.0/junit-platform-engine-1.0.0.jar:/home/student/.m2/repository/org/opentest4j/opentest4j/1.0.0/opentest4j-1.0.0.jar:/home/student/.m2/repository/org/junit/jupiter/junit-jupiter-engine/5.0.0/junit-jupiter-engine-5.0.0.jar:/home/student/.m2/repository/org/junit/jupiter/junit-jupiter-api/5.0.0/junit-jupiter-api-5.0.0.jar:/home/student/.m2/repository/junit/junit/4.12/junit-4.12.jar:/home/student/.m2/repository/org/hamcrest/hamcrest-core/1.3/hamcrest-core-1.3.jar:/home/student/.m2/repository/org/glassfish/jersey/core/jersey-client/2.29.1/jersey-client-2.29.1.jar:/home/student/.m2/repository/jakarta/ws/rs/jakarta.ws.rs-api/2.1.6/jakarta.ws.rs-api-2.1.6.jar:/home/student/.m2/repository/org/glassfish/jersey/core/jersey-common/2.29.1/jersey-common-2.29.1.jar:/home/student/.m2/repository/jakarta/annotation/jakarta.annotation-api/1.3.5/jakarta.annotation-api-1.3.5.jar:/home/student/.m2/repository/org/glassfish/hk2/osgi-resource-locator/1.0.3/osgi-resource-locator-1.0.3.jar:/home/student/.m2/repository/com/sun/activation/jakarta.activation/1.2.1/jakarta.activation-1.2.1.jar:/home/student/.m2/repository/org/glassfish/hk2/external/jakarta.inject/2.6.1/jakarta.inject-2.6.1.jar:/home/student/.m2/repository/org/glassfish/jersey/inject/jersey-hk2/2.29.1/jersey-hk2-2.29.1.jar:/home/student/.m2/repository/org/glassfish/hk2/hk2-locator/2.6.1/hk2-locator-2.6.1.jar:/home/student/.m2/repository/org/glassfish/hk2/external/aopalliance-repackaged/2.6.1/aopalliance-repackaged-2.6.1.jar:/home/student/.m2/repository/org/glassfish/hk2/hk2-api/2.6.1/hk2-api-2.6.1.jar:/home/student/.m2/repository/org/glassfish/hk2/hk2-utils/2.6.1/hk2-utils-2.6.1.jar:/home/student/.m2/repository/mysql/mysql-connector-java/8.0.16/mysql-connector-java-8.0.16.jar:/home/student/.m2/repository/com/google/protobuf/protobuf-java/3.6.1/protobuf-java-3.6.1.jar:/home/student/.m2/repository/javax/javaee-web-api/7.0/javaee-web-api-7.0.jar:/home/student/.m2/repository/com/fasterxml/jackson/core/jackson-core/2.10.0/jackson-core-2.10.0.jar:/home/student/.m2/repository/com/fasterxml/jackson/core/jackson-annotations/2.10.0/jackson-annotations-2.10.0.jar:/home/student/.m2/repository/com/fasterxml/jackson/core/jackson-databind/2.10.0/jackson-databind-2.10.0.jar, java.vm.vendor=Ubuntu, sun.arch.data.model=64, idea.test.cyclic.buffer.size=1048576, java.vendor.url=https://ubuntu.com/, user.timezone=America/Chicago, os.name=Linux, java.vm.specification.version=11, sun.java.launcher=SUN_STANDARD, user.country=US, sun.boot.library.path=/usr/lib/jvm/java-11-openjdk-amd64/lib, sun.java.command=com.intellij.rt.junit.JUnitStarter -ideVersion5 -junit5 team.persistence.GenericDaoTest,getByIdSuccess, jdk.debug=release, sun.cpu.endian=little, user.home=/home/student, hibernate.c3p0.max_statements=50, user.language=en, java.specification.vendor=Oracle Corporation, java.version.date=2021-01-19, java.home=/usr/lib/jvm/java-11-openjdk-amd64, file.separator=/, java.vm.compressedOopsMode=Zero based, line.separator=
, hibernate.c3p0.timeout=300, java.specification.name=Java Platform API Specification, java.vm.specification.vendor=Oracle Corporation, java.awt.graphicsenv=sun.awt.X11GraphicsEnvironment, connection.password=student, sun.management.compiler=HotSpot 64-Bit Tiered Compilers, hibernate.c3p0.max_size=20, java.runtime.version=11.0.10+9-Ubuntu-0ubuntu1.20.04, user.name=student, path.separator=:, hibernate.connection.username=****, os.version=5.4.0-70-generic, java.runtime.name=OpenJDK Runtime Environment, hibernate.connection.url=jdbc:mysql://localhost:3306/character_db, file.encoding=UTF-8, java.vm.name=OpenJDK 64-Bit Server VM, hibernate.connection.driver_class=com.mysql.cj.jdbc.Driver, java.vendor.url.bug=https://bugs.launchpad.net/ubuntu/+source/openjdk-lts, java.io.tmpdir=/tmp, java.version=11.0.10, user.dir=/home/student/IdeaProjects/fictionalCharacterAPI, os.arch=amd64, connection.username=root, java.vm.specification.name=Java Virtual Machine Specification, java.awt.printerjob=sun.print.PSPrinterJob, hibernate.connection.password=****, sun.os.patch.level=unknown, connection.driver_class=com.mysql.cj.jdbc.Driver, hibernate.boot.CfgXmlAccessService.key=org.hibernate.boot.cfgxml.spi.LoadedConfig@56846330, java.library.path=/usr/java/packages/lib:/usr/lib/x86_64-linux-gnu/jni:/lib/x86_64-linux-gnu:/usr/lib/x86_64-linux-gnu:/usr/lib/jni:/lib:/usr/lib, java.vendor=Ubuntu, java.vm.info=mixed mode, sharing, java.vm.version=11.0.10+9-Ubuntu-0ubuntu1.20.04, hibernate.bytecode.use_reflection_optimizer=false, sun.io.unicode.encoding=UnicodeLittle, connection.url=jdbc:mysql://localhost:3306/character_db, java.class.version=55.0}
[DEBUG] 2021-04-11 21:01:46.318 [main] TypeSafeActivator - Unable to acquire Bean Validation ValidatorFactory, skipping activation
[DEBUG] 2021-04-11 21:01:46.318 [main] JaccIntegrator - Skipping JACC integration as it was not enabled
[DEBUG] 2021-04-11 21:01:46.319 [main] SessionFactoryImpl - Instantiated session factory
[DEBUG] 2021-04-11 21:01:46.319 [main] TypeConfiguration$Scope - Scoping TypeConfiguration [org.hibernate.type.spi.TypeConfiguration@1a0c5e9] to SessionFactoryImpl [org.hibernate.internal.SessionFactoryImpl@7edb6fca]
[DEBUG] 2021-04-11 21:01:46.525 [main] ClassLoaderAccessImpl - Not known whether passed class name [team.entity.Character] is safe
[DEBUG] 2021-04-11 21:01:46.528 [main] ClassLoaderAccessImpl - No temp ClassLoader provided; using live ClassLoader for loading potentially unsafe class : team.entity.Character
[DEBUG] 2021-04-11 21:01:46.546 [main] ClassLoaderAccessImpl - Not known whether passed class name [team.entity.Character] is safe
[DEBUG] 2021-04-11 21:01:46.546 [main] ClassLoaderAccessImpl - No temp ClassLoader provided; using live ClassLoader for loading potentially unsafe class : team.entity.Character
[DEBUG] 2021-04-11 21:01:46.772 [main] AbstractEntityPersister - Static SQL for entity: team.entity.Character
[DEBUG] 2021-04-11 21:01:46.773 [main] AbstractEntityPersister -  Version select: select id from characters where id =?
[DEBUG] 2021-04-11 21:01:46.773 [main] AbstractEntityPersister -  Snapshot select: select character_.id, character_.alignment as alignmen2_0_, character_.franchise as franchis3_0_, character_.media as media4_0_, character_.name as name5_0_, character_.species as species6_0_ from characters character_ where character_.id=?
[DEBUG] 2021-04-11 21:01:46.778 [main] AbstractEntityPersister -  Insert 0: insert into characters (alignment, franchise, media, name, species, id) values (?, ?, ?, ?, ?, ?)
[DEBUG] 2021-04-11 21:01:46.779 [main] AbstractEntityPersister -  Update 0: update characters set alignment=?, franchise=?, media=?, name=?, species=? where id=?
[DEBUG] 2021-04-11 21:01:46.779 [main] AbstractEntityPersister -  Delete 0: delete from characters where id=?
[DEBUG] 2021-04-11 21:01:46.779 [main] AbstractEntityPersister -  Identity insert: insert into characters (alignment, franchise, media, name, species) values (?, ?, ?, ?, ?)
[DEBUG] 2021-04-11 21:01:46.796 [main] QuerySpacesImpl - Adding QuerySpace : uid = <gen:0> -> org.hibernate.loader.plan.build.internal.spaces.EntityQuerySpaceImpl@1118d539]
[DEBUG] 2021-04-11 21:01:46.797 [main] MetamodelGraphWalker - Visiting attribute path : alignment
[DEBUG] 2021-04-11 21:01:46.797 [main] MetamodelGraphWalker - Visiting attribute path : franchise
[DEBUG] 2021-04-11 21:01:46.797 [main] MetamodelGraphWalker - Visiting attribute path : media
[DEBUG] 2021-04-11 21:01:46.797 [main] MetamodelGraphWalker - Visiting attribute path : name
[DEBUG] 2021-04-11 21:01:46.797 [main] MetamodelGraphWalker - Visiting attribute path : species
[DEBUG] 2021-04-11 21:01:46.797 [main] FetchStyleLoadPlanBuildingAssociationVisitationStrategy - Building LoadPlan...
[DEBUG] 2021-04-11 21:01:46.805 [main] LoadQueryJoinAndFetchProcessor - processing queryspace <gen:0>
[DEBUG] 2021-04-11 21:01:46.806 [main] LoadPlanTreePrinter - LoadPlan(entity=team.entity.Character)
    - Returns
       - EntityReturnImpl(entity=team.entity.Character, querySpaceUid=<gen:0>, path=team.entity.Character)
    - QuerySpaces
       - EntityQuerySpaceImpl(uid=<gen:0>, entity=team.entity.Character)
          - SQL table alias mapping - character0_
          - alias suffix - 0_
          - suffixed key columns - {id1_0_0_}

[DEBUG] 2021-04-11 21:01:46.807 [main] EntityLoader - Static select for entity team.entity.Character [NONE]: select character0_.id as id1_0_0_, character0_.alignment as alignmen2_0_0_, character0_.franchise as franchis3_0_0_, character0_.media as media4_0_0_, character0_.name as name5_0_0_, character0_.species as species6_0_0_ from characters character0_ where character0_.id=?
[DEBUG] 2021-04-11 21:01:46.807 [main] QuerySpacesImpl - Adding QuerySpace : uid = <gen:0> -> org.hibernate.loader.plan.build.internal.spaces.EntityQuerySpaceImpl@45037e16]
[DEBUG] 2021-04-11 21:01:46.807 [main] MetamodelGraphWalker - Visiting attribute path : alignment
[DEBUG] 2021-04-11 21:01:46.807 [main] MetamodelGraphWalker - Visiting attribute path : franchise
[DEBUG] 2021-04-11 21:01:46.808 [main] MetamodelGraphWalker - Visiting attribute path : media
[DEBUG] 2021-04-11 21:01:46.808 [main] MetamodelGraphWalker - Visiting attribute path : name
[DEBUG] 2021-04-11 21:01:46.808 [main] MetamodelGraphWalker - Visiting attribute path : species
[DEBUG] 2021-04-11 21:01:46.808 [main] FetchStyleLoadPlanBuildingAssociationVisitationStrategy - Building LoadPlan...
[DEBUG] 2021-04-11 21:01:46.808 [main] LoadQueryJoinAndFetchProcessor - processing queryspace <gen:0>
[DEBUG] 2021-04-11 21:01:46.808 [main] LoadPlanTreePrinter - LoadPlan(entity=team.entity.Character)
    - Returns
       - EntityReturnImpl(entity=team.entity.Character, querySpaceUid=<gen:0>, path=team.entity.Character)
    - QuerySpaces
       - EntityQuerySpaceImpl(uid=<gen:0>, entity=team.entity.Character)
          - SQL table alias mapping - character0_
          - alias suffix - 0_
          - suffixed key columns - {id1_0_0_}

[DEBUG] 2021-04-11 21:01:46.811 [main] EntityLoader - Static select for entity team.entity.Character [READ]: select character0_.id as id1_0_0_, character0_.alignment as alignmen2_0_0_, character0_.franchise as franchis3_0_0_, character0_.media as media4_0_0_, character0_.name as name5_0_0_, character0_.species as species6_0_0_ from characters character0_ where character0_.id=?
[DEBUG] 2021-04-11 21:01:46.820 [main] Loader - Static select for action ACTION_MERGE on entity team.entity.Character: select character0_.id as id1_0_0_, character0_.alignment as alignmen2_0_0_, character0_.franchise as franchis3_0_0_, character0_.media as media4_0_0_, character0_.name as name5_0_0_, character0_.species as species6_0_0_ from characters character0_ where character0_.id=?
[DEBUG] 2021-04-11 21:01:46.820 [main] Loader - Static select for action ACTION_REFRESH on entity team.entity.Character: select character0_.id as id1_0_0_, character0_.alignment as alignmen2_0_0_, character0_.franchise as franchis3_0_0_, character0_.media as media4_0_0_, character0_.name as name5_0_0_, character0_.species as species6_0_0_ from characters character0_ where character0_.id=?
[DEBUG] 2021-04-11 21:01:46.831 [main] SchemaManagementToolCoordinator - No actions specified; doing nothing
[DEBUG] 2021-04-11 21:01:46.832 [main] JtaPlatformInitiator - No JtaPlatform was specified, checking resolver
[DEBUG] 2021-04-11 21:01:46.832 [main] JtaPlatformResolverInitiator - No JtaPlatformResolver was specified, using default [org.hibernate.engine.transaction.jta.platform.internal.StandardJtaPlatformResolver]
[DEBUG] 2021-04-11 21:01:46.838 [main] StandardJtaPlatformResolver - Could not resolve JtaPlatform, using default [org.hibernate.engine.transaction.jta.platform.internal.NoJtaPlatform]
[INFO ] 2021-04-11 21:01:46.839 [main] JtaPlatformInitiator - HHH000490: Using JtaPlatform implementation: [org.hibernate.engine.transaction.jta.platform.internal.NoJtaPlatform]
[DEBUG] 2021-04-11 21:01:46.842 [main] NamedQueryRepository - Checking 0 named HQL queries
[DEBUG] 2021-04-11 21:01:46.842 [main] NamedQueryRepository - Checking 0 named SQL queries
[DEBUG] 2021-04-11 21:01:46.843 [main] SessionFactoryRegistry - Initializing SessionFactoryRegistry : org.hibernate.internal.SessionFactoryRegistry@57cabdc3
[DEBUG] 2021-04-11 21:01:46.844 [main] SessionFactoryRegistry - Registering SessionFactory: d852ddba-67b0-4129-8e93-ef0e0c6b9ccf (<unnamed>)
[DEBUG] 2021-04-11 21:01:46.845 [main] SessionFactoryRegistry - Not binding SessionFactory to JNDI, no JNDI name configured
[DEBUG] 2021-04-11 21:01:46.924 [main] StatisticsInitiator - Statistics initialized [enabled=false]
[DEBUG] 2021-04-11 21:01:46.944 [main] SQL - select character0_.id as id1_0_0_, character0_.alignment as alignmen2_0_0_, character0_.franchise as franchis3_0_0_, character0_.media as media4_0_0_, character0_.name as name5_0_0_, character0_.species as species6_0_0_ from characters character0_ where character0_.id=?
[DEBUG] 2021-04-11 21:01:46.985 [main] ResultSetProcessorImpl - Starting ResultSet row #0
[DEBUG] 2021-04-11 21:01:46.986 [main] EntityReferenceInitializerImpl - On call to EntityIdentifierReaderImpl#resolve, EntityKey was already known; should only happen on root returns with an optional identifier specified
[DEBUG] 2021-04-11 21:01:47.024 [main] TwoPhaseLoad - Resolving attributes for [team.entity.Character#1]
[DEBUG] 2021-04-11 21:01:47.025 [main] TwoPhaseLoad - Processing attribute `alignment` : value = Good
[DEBUG] 2021-04-11 21:01:47.025 [main] TwoPhaseLoad - Attribute (`alignment`)  - enhanced for lazy-loading? - false
[DEBUG] 2021-04-11 21:01:47.025 [main] TwoPhaseLoad - Processing attribute `franchise` : value = Lord Of The Rings
[DEBUG] 2021-04-11 21:01:47.025 [main] TwoPhaseLoad - Attribute (`franchise`)  - enhanced for lazy-loading? - false
[DEBUG] 2021-04-11 21:01:47.025 [main] TwoPhaseLoad - Processing attribute `media` : value = book
[DEBUG] 2021-04-11 21:01:47.025 [main] TwoPhaseLoad - Attribute (`media`)  - enhanced for lazy-loading? - false
[DEBUG] 2021-04-11 21:01:47.025 [main] TwoPhaseLoad - Processing attribute `name` : value = Gandalf
[DEBUG] 2021-04-11 21:01:47.025 [main] TwoPhaseLoad - Attribute (`name`)  - enhanced for lazy-loading? - false
[DEBUG] 2021-04-11 21:01:47.025 [main] TwoPhaseLoad - Processing attribute `species` : value = Maia
[DEBUG] 2021-04-11 21:01:47.025 [main] TwoPhaseLoad - Attribute (`species`)  - enhanced for lazy-loading? - false
[DEBUG] 2021-04-11 21:01:47.036 [main] TwoPhaseLoad - Done materializing entity [team.entity.Character#1]
[DEBUG] 2021-04-11 21:01:47.037 [main] ResourceRegistryStandardImpl - HHH000387: ResultSet's statement was not registered
[DEBUG] 2021-04-11 21:01:47.039 [main] AbstractLoadPlanBasedEntityLoader - Done entity load : team.entity.Character#1
[DEBUG] 2021-04-11 21:01:47.040 [main] LogicalConnectionManagedImpl - Initiating JDBC connection release from afterTransaction
